<?xml version="1.0" encoding="UTF-8"?>
<!-- Generated by org.testng.reporters.JUnitReportReporter -->
<testsuite hostname="DESKTOP-P2JOM8B" failures="0" tests="1" name="anujpal.PurchaseAProductEnd_To_End.ConfirmMessageTest" time="0.000" errors="0" timestamp="2025-05-12T00:55:00 IST" skipped="1">
  <testcase classname="anujpal.PurchaseAProductEnd_To_End.ConfirmMessageTest" name="confirmPageTest" time="0.000">
    <skipped/>
  </testcase> <!-- confirmPageTest -->
  <system-out/>
</testsuite> <!-- anujpal.PurchaseAProductEnd_To_End.ConfirmMessageTest -->
