<?xml version="1.0" encoding="UTF-8"?>
<!-- Generated by org.testng.reporters.JUnitReportReporter -->
<testsuite hostname="DESKTOP-P2JOM8B" failures="0" tests="1" name="anujpal.PurchaseAProductEnd_To_End.CartTest" time="0.609" errors="0" timestamp="2025-05-11T21:42:33 IST" skipped="0">
  <testcase classname="anujpal.PurchaseAProductEnd_To_End.CartTest" name="myCart" time="0.609"/>
</testsuite> <!-- anujpal.PurchaseAProductEnd_To_End.CartTest -->
